[    0.000000] Linux version 4.15.0-99-generic (buildd@lcy01-amd64-013) (gcc version 7.5.0 (Ubuntu 7.5.0-3ubuntu1~18.04)) #100-Ubuntu SMP Wed Apr 22 20:32:56 UTC 2020 (Ubuntu 4.15.0-99.100-generic 4.15.18)
[    0.000000] Command line: BOOT_IMAGE=/boot/vmlinuz-4.15.0-99-generic root=UUID=6ff622cc-497e-49df-964f-3e554089a0ce ro console=tty1 console=ttyS0
[    0.000000] KERNEL supported cpus:
[    0.000000]   Intel GenuineIntel
[    0.000000]   AMD AuthenticAMD
[    0.000000]   Centaur CentaurHauls
[    0.000000] x86/fpu: Supporting XSAVE feature 0x001: 'x87 floating point registers'
[    0.000000] x86/fpu: Supporting XSAVE feature 0x002: 'SSE registers'
[    0.000000] x86/fpu: Supporting XSAVE feature 0x004: 'AVX registers'
[    0.000000] x86/fpu: xstate_offset[2]:  576, xstate_sizes[2]:  256
[    0.000000] x86/fpu: Enabled xstate features 0x7, context size is 832 bytes, using 'standard' format.
[    0.000000] e820: BIOS-provided physical RAM map:
[    0.000000] BIOS-e820: [mem 0x0000000000000000-0x000000000009fbff] usable
[    0.000000] BIOS-e820: [mem 0x000000000009fc00-0x000000000009ffff] reserved
[    0.000000] BIOS-e820: [mem 0x00000000000f0000-0x00000000000fffff] reserved
[    0.000000] BIOS-e820: [mem 0x0000000000100000-0x000000003ffeffff] usable
[    0.000000] BIOS-e820: [mem 0x000000003fff0000-0x000000003fffffff] ACPI data
[    0.000000] BIOS-e820: [mem 0x00000000fec00000-0x00000000fec00fff] reserved
[    0.000000] BIOS-e820: [mem 0x00000000fee00000-0x00000000fee00fff] reserved
[    0.000000] BIOS-e820: [mem 0x00000000fffc0000-0x00000000ffffffff] reserved
[    0.000000] NX (Execute Disable) protection: active
[    0.000000] SMBIOS 2.5 present.
[    0.000000] DMI: innotek GmbH VirtualBox/VirtualBox, BIOS VirtualBox 12/01/2006
[    0.000000] Hypervisor detected: KVM
[    0.000000] e820: last_pfn = 0x3fff0 max_arch_pfn = 0x400000000
[    0.000000] MTRR: Disabled
[    0.000000] x86/PAT: MTRRs disabled, skipping PAT initialization too.
[    0.000000] CPU MTRRs all blank - virtualized system.
[    0.000000] x86/PAT: Configuration [0-7]: WB  WT  UC- UC  WB  WT  UC- UC  
[    0.000000] found SMP MP-table at [mem 0x0009fff0-0x0009ffff]
[    0.000000] Scanning 1 areas for low memory corruption
[    0.000000] RAMDISK: [mem 0x35963000-0x36ca8fff]
[    0.000000] ACPI: Early table checksum verification disabled
[    0.000000] ACPI: RSDP 0x00000000000E0000 000024 (v02 VBOX  )
[    0.000000] ACPI: XSDT 0x000000003FFF0030 00003C (v01 VBOX   VBOXXSDT 00000001 ASL  00000061)
[    0.000000] ACPI: FACP 0x000000003FFF00F0 0000F4 (v04 VBOX   VBOXFACP 00000001 ASL  00000061)
[    0.000000] ACPI: DSDT 0x000000003FFF0470 0022EA (v02 VBOX   VBOXBIOS 00000002 INTL 20100528)
[    0.000000] ACPI: FACS 0x000000003FFF0200 000040
[    0.000000] ACPI: FACS 0x000000003FFF0200 000040
[    0.000000] ACPI: APIC 0x000000003FFF0240 00005C (v02 VBOX   VBOXAPIC 00000001 ASL  00000061)
[    0.000000] ACPI: SSDT 0x000000003FFF02A0 0001CC (v01 VBOX   VBOXCPUT 00000002 INTL 20100528)
[    0.000000] No NUMA configuration found
[    0.000000] Faking a node at [mem 0x0000000000000000-0x000000003ffeffff]
[    0.000000] NODE_DATA(0) allocated [mem 0x3ffc5000-0x3ffeffff]
[    0.000000] kvm-clock: cpu 0, msr 0:3ff44001, primary cpu clock
[    0.000000] kvm-clock: Using msrs 4b564d01 and 4b564d00
[    0.000000] kvm-clock: using sched offset of 8837775140 cycles
[    0.000000] clocksource: kvm-clock: mask: 0xffffffffffffffff max_cycles: 0x1cd42e4dffb, max_idle_ns: 881590591483 ns
[    0.000000] Zone ranges:
[    0.000000]   DMA      [mem 0x0000000000001000-0x0000000000ffffff]
[    0.000000]   DMA32    [mem 0x0000000001000000-0x000000003ffeffff]
[    0.000000]   Normal   empty
[    0.000000]   Device   empty
[    0.000000] Movable zone start for each node
[    0.000000] Early memory node ranges
[    0.000000]   node   0: [mem 0x0000000000001000-0x000000000009efff]
[    0.000000]   node   0: [mem 0x0000000000100000-0x000000003ffeffff]
[    0.000000] Reserved but unavailable: 98 pages
[    0.000000] Initmem setup node 0 [mem 0x0000000000001000-0x000000003ffeffff]
[    0.000000] ACPI: PM-Timer IO Port: 0x4008
[    0.000000] IOAPIC[0]: apic_id 2, version 32, address 0xfec00000, GSI 0-23
[    0.000000] ACPI: INT_SRC_OVR (bus 0 bus_irq 0 global_irq 2 dfl dfl)
[    0.000000] ACPI: INT_SRC_OVR (bus 0 bus_irq 9 global_irq 9 low level)
[    0.000000] Using ACPI (MADT) for SMP configuration information
[    0.000000] smpboot: Allowing 2 CPUs, 0 hotplug CPUs
[    0.000000] PM: Registered nosave memory: [mem 0x00000000-0x00000fff]
[    0.000000] PM: Registered nosave memory: [mem 0x0009f000-0x0009ffff]
[    0.000000] PM: Registered nosave memory: [mem 0x000a0000-0x000effff]
[    0.000000] PM: Registered nosave memory: [mem 0x000f0000-0x000fffff]
[    0.000000] e820: [mem 0x40000000-0xfebfffff] available for PCI devices
[    0.000000] Booting paravirtualized kernel on KVM
[    0.000000] clocksource: refined-jiffies: mask: 0xffffffff max_cycles: 0xffffffff, max_idle_ns: 7645519600211568 ns
[    0.000000] random: get_random_bytes called from start_kernel+0x99/0x4fd with crng_init=0
[    0.000000] setup_percpu: NR_CPUS:8192 nr_cpumask_bits:2 nr_cpu_ids:2 nr_node_ids:1
[    0.000000] percpu: Embedded 45 pages/cpu s147456 r8192 d28672 u1048576
[    0.000000] PV qspinlock hash table entries: 256 (order: 0, 4096 bytes)
[    0.000000] Built 1 zonelists, mobility grouping on.  Total pages: 257913
[    0.000000] Policy zone: DMA32
[    0.000000] Kernel command line: BOOT_IMAGE=/boot/vmlinuz-4.15.0-99-generic root=UUID=6ff622cc-497e-49df-964f-3e554089a0ce ro console=tty1 console=ttyS0
[    0.000000] Memory: 982532K/1048120K available (12300K kernel code, 2481K rwdata, 4268K rodata, 2432K init, 2712K bss, 65588K reserved, 0K cma-reserved)
[    0.000000] SLUB: HWalign=64, Order=0-3, MinObjects=0, CPUs=2, Nodes=1
[    0.000000] Kernel/User page tables isolation: enabled
[    0.000000] ftrace: allocating 39364 entries in 154 pages
[    0.004000] Hierarchical RCU implementation.
[    0.004000] 	RCU restricting CPUs from NR_CPUS=8192 to nr_cpu_ids=2.
[    0.004000] 	Tasks RCU enabled.
[    0.004000] RCU: Adjusting geometry for rcu_fanout_leaf=16, nr_cpu_ids=2
[    0.004000] NR_IRQS: 524544, nr_irqs: 440, preallocated irqs: 16
[    0.004000] Console: colour VGA+ 80x25
[    0.004000] console [tty1] enabled
[    0.004000] console [ttyS0] enabled
[    0.004000] ACPI: Core revision 20170831
[    0.004000] ACPI: 2 ACPI AML tables successfully acquired and loaded
[    0.004000] APIC: Switch to symmetric I/O mode setup
[    0.004000] x2apic enabled
[    0.004084] Switched APIC routing to physical x2apic.
[    0.010168] ..TIMER: vector=0x30 apic1=0 pin1=2 apic2=-1 pin2=-1
[    0.012005] tsc: Detected 2304.000 MHz processor
[    0.016021] Calibrating delay loop (skipped) preset value.. 4608.00 BogoMIPS (lpj=9216000)
[    0.020010] pid_max: default: 32768 minimum: 301
[    0.022097] Security Framework initialized
[    0.024007] Yama: becoming mindful.
[    0.028047] AppArmor: AppArmor initialized
[    0.032082] Dentry cache hash table entries: 131072 (order: 8, 1048576 bytes)
[    0.036112] Inode-cache hash table entries: 65536 (order: 7, 524288 bytes)
[    0.039040] Mount-cache hash table entries: 2048 (order: 2, 16384 bytes)
[    0.040010] Mountpoint-cache hash table entries: 2048 (order: 2, 16384 bytes)
[    0.044500] Last level iTLB entries: 4KB 64, 2MB 8, 4MB 8
[    0.048004] Last level dTLB entries: 4KB 64, 2MB 0, 4MB 0, 1GB 4
[    0.050551] Spectre V1 : Mitigation: usercopy/swapgs barriers and __user pointer sanitization
[    0.052005] Spectre V2 : Mitigation: Full generic retpoline
[    0.056003] Spectre V2 : Spectre v2 / SpectreRSB mitigation: Filling RSB on context switch
[    0.060003] Speculative Store Bypass: Vulnerable
[    0.062127] MDS: Mitigation: Clear CPU buffers
[    0.064302] Freeing SMP alternatives memory: 36K
[    0.180161] smpboot: CPU0: Intel(R) Core(TM) i5-7360U CPU @ 2.30GHz (family: 0x6, model: 0x8e, stepping: 0x9)
[    0.184161] Performance Events: unsupported p6 CPU model 142 no PMU driver, software events only.
[    0.188096] Hierarchical SRCU implementation.
[    0.193095] NMI watchdog: Perf event create on CPU 0 failed with -2
[    0.196005] NMI watchdog: Perf NMI watchdog permanently disabled
[    0.200111] smp: Bringing up secondary CPUs ...
[    0.204156] x86: Booting SMP configuration:
[    0.206423] .... node  #0, CPUs:      #1
[    0.004000] kvm-clock: cpu 1, msr 0:3ff44041, secondary cpu clock
[    0.214983] smp: Brought up 1 node, 2 CPUs
[    0.216011] smpboot: Max logical packages: 1
[    0.220008] smpboot: Total of 2 processors activated (9216.00 BogoMIPS)
[    0.224089] devtmpfs: initialized
[    0.228102] x86/mm: Memory block size: 128MB
[    0.230684] evm: security.selinux
[    0.232004] evm: security.SMACK64
[    0.233538] evm: security.SMACK64EXEC
[    0.236015] evm: security.SMACK64TRANSMUTE
[    0.237828] evm: security.SMACK64MMAP
[    0.240004] evm: security.apparmor
[    0.241541] evm: security.ima
[    0.243103] evm: security.capability
[    0.244169] clocksource: jiffies: mask: 0xffffffff max_cycles: 0xffffffff, max_idle_ns: 7645041785100000 ns
[    0.248023] futex hash table entries: 512 (order: 3, 32768 bytes)
[    0.255340] pinctrl core: initialized pinctrl subsystem
[    0.256213] RTC time:  8:56:11, date: 05/03/20
[    0.258504] NET: Registered protocol family 16
[    0.260139] audit: initializing netlink subsys (disabled)
[    0.262635] audit: type=2000 audit(1588496181.189:1): state=initialized audit_enabled=0 res=1
[    0.268014] cpuidle: using governor ladder
[    0.270399] cpuidle: using governor menu
[    0.272071] ACPI: bus type PCI registered
[    0.273904] acpiphp: ACPI Hot Plug PCI Controller Driver version: 0.5
[    0.276232] PCI: Using configuration type 1 for base access
[    0.284087] HugeTLB registered 2.00 MiB page size, pre-allocated 0 pages
[    0.288149] ACPI: Added _OSI(Module Device)
[    0.290425] ACPI: Added _OSI(Processor Device)
[    0.292016] ACPI: Added _OSI(3.0 _SCP Extensions)
[    0.294167] ACPI: Added _OSI(Processor Aggregator Device)
[    0.296018] ACPI: Added _OSI(Linux-Dell-Video)
[    0.300008] ACPI: Added _OSI(Linux-Lenovo-NV-HDMI-Audio)
[    0.302319] ACPI: Added _OSI(Linux-HPI-Hybrid-Graphics)
[    0.304801] ACPI: Executed 1 blocks of module-level executable AML code
[    0.315679] ACPI: Interpreter enabled
[    0.316024] ACPI: (supports S0 S5)
[    0.317622] ACPI: Using IOAPIC for interrupt routing
[    0.320439] PCI: Using host bridge windows from ACPI; if necessary, use "pci=nocrs" and report a bug
[    0.324435] ACPI: Enabled 2 GPEs in block 00 to 07
[    0.343984] ACPI: PCI Root Bridge [PCI0] (domain 0000 [bus 00-ff])
[    0.344025] acpi PNP0A03:00: _OSC: OS supports [ASPM ClockPM Segments MSI]
[    0.348951] acpi PNP0A03:00: _OSC: not requesting OS control; OS requires [ExtendedConfig ASPM ClockPM MSI]
[    0.352030] acpi PNP0A03:00: fail to add MMCONFIG information, can't access extended PCI configuration space under this bridge.
[    0.356945] PCI host bridge to bus 0000:00
[    0.358869] pci_bus 0000:00: root bus resource [io  0x0000-0x0cf7 window]
[    0.360008] pci_bus 0000:00: root bus resource [io  0x0d00-0xffff window]
[    0.364010] pci_bus 0000:00: root bus resource [mem 0x000a0000-0x000bffff window]
[    0.368008] pci_bus 0000:00: root bus resource [mem 0x40000000-0xfdffffff window]
[    0.372007] pci_bus 0000:00: root bus resource [bus 00-ff]
[    0.381077] pci 0000:00:01.1: legacy IDE quirk: reg 0x10: [io  0x01f0-0x01f7]
[    0.384008] pci 0000:00:01.1: legacy IDE quirk: reg 0x14: [io  0x03f6]
[    0.386932] pci 0000:00:01.1: legacy IDE quirk: reg 0x18: [io  0x0170-0x0177]
[    0.388005] pci 0000:00:01.1: legacy IDE quirk: reg 0x1c: [io  0x0376]
[    0.422387] pci 0000:00:07.0: quirk: [io  0x4000-0x403f] claimed by PIIX4 ACPI
[    0.424044] pci 0000:00:07.0: quirk: [io  0x4100-0x410f] claimed by PIIX4 SMB
[    0.452460] ACPI: PCI Interrupt Link [LNKA] (IRQs 5 9 10 *11)
[    0.456957] ACPI: PCI Interrupt Link [LNKB] (IRQs 5 9 *10 11)
[    0.460429] ACPI: PCI Interrupt Link [LNKC] (IRQs 5 *9 10 11)
[    0.464818] ACPI: PCI Interrupt Link [LNKD] (IRQs 5 9 10 *11)
[    0.468823] SCSI subsystem initialized
[    0.472109] pci 0000:00:02.0: vgaarb: setting as boot VGA device
[    0.476000] pci 0000:00:02.0: vgaarb: VGA device added: decodes=io+mem,owns=io+mem,locks=none
[    0.476019] pci 0000:00:02.0: vgaarb: bridge control possible
[    0.480011] vgaarb: loaded
[    0.484163] ACPI: bus type USB registered
[    0.488060] usbcore: registered new interface driver usbfs
[    0.492038] usbcore: registered new interface driver hub
[    0.496061] usbcore: registered new device driver usb
[    0.500204] EDAC MC: Ver: 3.0.0
[    0.505155] PCI: Using ACPI for IRQ routing
[    0.512537] NetLabel: Initializing
[    0.515127] NetLabel:  domain hash size = 128
[    0.516006] NetLabel:  protocols = UNLABELED CIPSOv4 CALIPSO
[    0.520237] NetLabel:  unlabeled traffic allowed by default
[    0.528552] clocksource: Switched to clocksource kvm-clock
[    0.585333] VFS: Disk quotas dquot_6.6.0
[    0.588232] VFS: Dquot-cache hash table entries: 512 (order 0, 4096 bytes)
[    0.594841] AppArmor: AppArmor Filesystem Enabled
[    0.597535] pnp: PnP ACPI init
[    0.601817] pnp: PnP ACPI: found 3 devices
[    0.623758] clocksource: acpi_pm: mask: 0xffffff max_cycles: 0xffffff, max_idle_ns: 2085701024 ns
[    0.628900] NET: Registered protocol family 2
[    0.631168] TCP established hash table entries: 8192 (order: 4, 65536 bytes)
[    0.634360] TCP bind hash table entries: 8192 (order: 5, 131072 bytes)
[    0.641350] TCP: Hash tables configured (established 8192 bind 8192)
[    0.645244] UDP hash table entries: 512 (order: 2, 16384 bytes)
[    0.648741] UDP-Lite hash table entries: 512 (order: 2, 16384 bytes)
[    0.651538] NET: Registered protocol family 1
[    0.653717] pci 0000:00:00.0: Limiting direct PCI/PCI transfers
[    0.656714] pci 0000:00:01.0: Activating ISA DMA hang workarounds
[    0.659488] pci 0000:00:02.0: Video device with shadowed ROM at [mem 0x000c0000-0x000dffff]
[    0.664245] Unpacking initramfs...
[    1.320455] Freeing initrd memory: 19736K
[    1.325435] clocksource: tsc: mask: 0xffffffffffffffff max_cycles: 0x2135f7c97c8, max_idle_ns: 440795273205 ns
[    1.330410] platform rtc_cmos: registered platform RTC device (no PNP device found)
[    1.334222] Scanning for low memory corruption every 60 seconds
[    1.338688] Initialise system trusted keyrings
[    1.341058] Key type blacklist registered
[    1.343339] workingset: timestamp_bits=36 max_order=18 bucket_order=0
[    1.349216] zbud: loaded
[    1.351649] squashfs: version 4.0 (2009/01/31) Phillip Lougher
[    1.355350] fuse init (API version 7.26)
[    1.364289] Key type asymmetric registered
[    1.366127] Asymmetric key parser 'x509' registered
[    1.368282] Block layer SCSI generic (bsg) driver version 0.4 loaded (major 246)
[    1.371833] io scheduler noop registered
[    1.373741] io scheduler deadline registered
[    1.375693] io scheduler cfq registered (default)
[    1.378770] ACPI: AC Adapter [AC] (off-line)
[    1.381218] input: Power Button as /devices/LNXSYSTM:00/LNXPWRBN:00/input/input0
[    1.385876] ACPI: Power Button [PWRF]
[    1.388026] input: Sleep Button as /devices/LNXSYSTM:00/LNXSLPBN:00/input/input1
[    1.391972] ACPI: Sleep Button [SLPF]
[    1.396393] Serial: 8250/16550 driver, 32 ports, IRQ sharing enabled
[    1.398056] ACPI: Battery Slot [BAT0] (battery present)
[    1.424251] 00:02: ttyS0 at I/O 0x3f8 (irq = 4, base_baud = 115200) is a 16550A
[    1.430406] Linux agpgart interface v0.103
[    1.438341] loop: module loaded
[    1.441357] scsi host0: ata_piix
[    1.443665] scsi host1: ata_piix
[    1.447165] ata1: PATA max UDMA/33 cmd 0x1f0 ctl 0x3f6 bmdma 0xd000 irq 14
[    1.450774] ata2: PATA max UDMA/33 cmd 0x170 ctl 0x376 bmdma 0xd008 irq 15
[    1.454715] libphy: Fixed MDIO Bus: probed
[    1.456781] tun: Universal TUN/TAP device driver, 1.6
[    1.459280] PPP generic driver version 2.4.2
[    1.461315] ehci_hcd: USB 2.0 'Enhanced' Host Controller (EHCI) Driver
[    1.466761] ehci-pci: EHCI PCI platform driver
[    1.469287] ehci-platform: EHCI generic platform driver
[    1.472234] ohci_hcd: USB 1.1 'Open' Host Controller (OHCI) Driver
[    1.475038] ohci-pci: OHCI PCI platform driver
[    1.477189] ohci-platform: OHCI generic platform driver
[    1.479515] uhci_hcd: USB Universal Host Controller Interface driver
[    1.482618] i8042: PNP: PS/2 Controller [PNP0303:PS2K,PNP0f03:PS2M] at 0x60,0x64 irq 1,12
[    1.487924] serio: i8042 KBD port at 0x60,0x64 irq 1
[    1.490263] serio: i8042 AUX port at 0x60,0x64 irq 12
[    1.492670] mousedev: PS/2 mouse device common for all mice
[    1.495582] input: AT Translated Set 2 keyboard as /devices/platform/i8042/serio0/input/input2
[    1.500252] rtc_cmos rtc_cmos: rtc core: registered rtc_cmos as rtc0
[    1.503641] rtc_cmos rtc_cmos: alarms up to one day, 114 bytes nvram
[    1.506592] i2c /dev entries driver
[    1.508266] device-mapper: uevent: version 1.0.3
[    1.510592] device-mapper: ioctl: 4.37.0-ioctl (2017-09-20) initialised: dm-devel@redhat.com
[    1.515300] ledtrig-cpu: registered to indicate activity on CPUs
[    1.518962] NET: Registered protocol family 10
[    1.528986] Segment Routing with IPv6
[    1.531063] NET: Registered protocol family 17
[    1.533489] Key type dns_resolver registered
[    1.536519] mce: Using 0 MCE banks
[    1.538093] RAS: Correctable Errors collector initialized.
[    1.540537] sched_clock: Marking stable (1540496980, 0)->(1939004615, -398507635)
[    1.544862] registered taskstats version 1
[    1.546709] Loading compiled-in X.509 certificates
[    1.553551] Loaded X.509 cert 'Build time autogenerated kernel key: 7480108fe56bba9284001dfb9078560125be4684'
[    1.560043] zswap: loaded using pool lzo/zbud
[    1.572636] Key type big_key registered
[    1.574929] Key type trusted registered
[    1.580529] Key type encrypted registered
[    1.582608] AppArmor: AppArmor sha1 policy hashing enabled
[    1.585231] ima: No TPM chip found, activating TPM-bypass! (rc=-19)
[    1.588002] ima: Allocated hash algorithm: sha1
[    1.590369] evm: HMAC attrs: 0x1
[    1.592703]   Magic number: 4:954:926
[    1.594952] rtc_cmos rtc_cmos: setting system clock to 2020-05-03 08:56:12 UTC (1588496172)
[    1.599012] BIOS EDD facility v0.16 2004-Jun-25, 0 devices found
[    1.601796] EDD information not available.
[    1.621389] Freeing unused kernel image memory: 2432K
[    1.636183] Write protecting the kernel read-only data: 20480k
[    1.641686] Freeing unused kernel image memory: 2008K
[    1.646346] Freeing unused kernel image memory: 1876K
[    1.664656] x86/mm: Checked W+X mappings: passed, no W+X pages found.
[    1.670158] x86/mm: Checking user space page tables
[    1.699531] x86/mm: Checked W+X mappings: passed, no W+X pages found.
Loading, please wait...
starting version 237
[    1.903498] Fusion MPT base driver 3.04.20
[    1.906057] Copyright (c) 1999-2008 LSI Corporation
[    1.946544] e1000: Intel(R) PRO/1000 Network Driver - version 7.3.21-k8-NAPI
[    1.949950] e1000: Copyright (c) 1999-2006 Intel Corporation.
[    1.981970] AVX2 version of gcm_enc/dec engaged.
[    1.985241] AES CTR mode by8 optimization enabled
[    1.998111] Fusion MPT SPI Host driver 3.04.20
[    2.170717] input: ImExPS/2 Generic Explorer Mouse as /devices/platform/i8042/serio1/input/input4
[    2.514947] e1000 0000:00:03.0 eth0: (PCI:33MHz:32-bit) 02:39:67:45:9c:e6
[    2.518593] e1000 0000:00:03.0 eth0: Intel(R) PRO/1000 Network Connection
[    3.371747] e1000 0000:00:08.0 eth1: (PCI:33MHz:32-bit) 08:00:27:4d:af:38
[    3.375897] e1000 0000:00:08.0 eth1: Intel(R) PRO/1000 Network Connection
[    3.381341] e1000 0000:00:03.0 enp0s3: renamed from eth0
[    3.392179] mptbase: ioc0: Initiating bringup
[    3.445603] e1000 0000:00:08.0 enp0s8: renamed from eth1
[    3.493923] ioc0: LSI53C1030 A0: Capabilities={Initiator}
[    4.518138] scsi host2: ioc0: LSI53C1030 A0, FwRev=00000000h, Ports=1, MaxQ=256, IRQ=20
[    4.937508] scsi 2:0:0:0: Direct-Access     VBOX     HARDDISK         1.0  PQ: 0 ANSI: 5
[    4.976338] scsi target2:0:0: Beginning Domain Validation
[    4.983254] scsi target2:0:0: Domain Validation skipping write tests
[    4.986078] scsi target2:0:0: Ending Domain Validation
[    4.988629] scsi target2:0:0: asynchronous
[    4.991923] scsi 2:0:1:0: Direct-Access     VBOX     HARDDISK         1.0  PQ: 0 ANSI: 5
[    5.024072] scsi target2:0:1: Beginning Domain Validation
[    5.028131] random: fast init done
[    5.032524] scsi target2:0:1: Domain Validation skipping write tests
[    5.035397] scsi target2:0:1: Ending Domain Validation
[    5.037883] scsi target2:0:1: asynchronous
[    5.049759] random: systemd-udevd: uninitialized urandom read (16 bytes read)
[    5.052949] random: systemd-udevd: uninitialized urandom read (16 bytes read)
[    5.057014] random: systemd-udevd: uninitialized urandom read (16 bytes read)
[    5.061214] sd 2:0:0:0: Attached scsi generic sg0 type 0
[    5.061589] sd 2:0:0:0: [sda] 20971520 512-byte logical blocks: (10.7 GB/10.0 GiB)
[    5.068753] sd 2:0:0:0: [sda] Write Protect is off
[    5.071960] sd 2:0:1:0: Attached scsi generic sg1 type 0
[    5.072201] sd 2:0:0:0: [sda] Incomplete mode parameter data
[    5.079083] sd 2:0:0:0: [sda] Assuming drive cache: write through
[    5.081901] sd 2:0:1:0: [sdb] 20480 512-byte logical blocks: (10.5 MB/10.0 MiB)
[    5.085893]  sda: sda1
[    5.089497] sd 2:0:1:0: [sdb] Write Protect is off
[    5.091208] sd 2:0:0:0: [sda] Attached SCSI disk
[    5.095741] sd 2:0:1:0: [sdb] Incomplete mode parameter data
[    5.099144] sd 2:0:1:0: [sdb] Assuming drive cache: write through
[    5.111177] sd 2:0:1:0: [sdb] Attached SCSI disk
Begin: Loading essential drivers ... [    7.030570] raid6: sse2x1   gen()  5011 MB/s
[    7.080148] raid6: sse2x1   xor()  3567 MB/s
[    7.129355] raid6: sse2x2   gen()  6354 MB/s
[    7.177233] raid6: sse2x2   xor()  4308 MB/s
[    7.224430] raid6: sse2x4   gen()  7143 MB/s
[    7.276139] raid6: sse2x4   xor()  4237 MB/s
[    7.324040] raid6: avx2x1   gen()  9984 MB/s
[    7.372995] raid6: avx2x1   xor()  7235 MB/s
[    7.420836] raid6: avx2x2   gen() 11813 MB/s
[    7.469984] raid6: avx2x2   xor()  7604 MB/s
[    7.521194] raid6: avx2x4   gen() 14512 MB/s
[    7.568607] raid6: avx2x4   xor()  7853 MB/s
[    7.572402] raid6: using algorithm avx2x4 gen() 14512 MB/s
[    7.576413] raid6: .... xor() 7853 MB/s, rmw enabled
[    7.579109] raid6: using avx2x2 recovery algorithm
[    7.584061] xor: automatically using best checksumming function   avx       
[    7.592046] async_tx: api initialized (async)
done.
Begin: Running /scripts/init-premount ... done.
Begin: Mounting root file system ... Begin: Running /scripts/local-top ... done.
Begin: Running /scripts/local-premount ... [    7.689164] Btrfs loaded, crc32c=crc32c-intel
Scanning for Btrfs filesystems
done.
Warning: fsck not present, so skipping root file system
[    7.809779] EXT4-fs (sda1): INFO: recovery required on readonly filesystem
[    7.815679] EXT4-fs (sda1): write access will be enabled during recovery
[    7.854258] EXT4-fs (sda1): recovery complete
[    7.860180] EXT4-fs (sda1): mounted filesystem with ordered data mode. Opts: (null)
done.
Begin: Running /scripts/local-bottom ... done.
Begin: Running /scripts/init-bottom ... done.
[    8.621616] ip_tables: (C) 2000-2006 Netfilter Core Team
[    8.650827] systemd[1]: systemd 237 running in system mode. (+PAM +AUDIT +SELINUX +IMA +APPARMOR +SMACK +SYSVINIT +UTMP +LIBCRYPTSETUP +GCRYPT +GNUTLS +ACL +XZ +LZ4 +SECCOMP +BLKID +ELFUTILS +KMOD -IDN2 +IDN -PCRE2 default-hierarchy=hybrid)
[    8.663490] systemd[1]: Detected virtualization oracle.
[    8.665869] systemd[1]: Detected architecture x86-64.

Welcome to [1mUbuntu 18.04.4 LTS[0m!

[    8.679384] systemd[1]: Set hostname to <ubuntu-bionic>.
[    9.510494] systemd[1]: Reached target System Time Synchronized.
[[0;32m  OK  [0m] Reached target System Time Synchronized.
[    9.516944] systemd[1]: Reached target User and Group Name Lookups.
[[0;32m  OK  [0m] Reached target User and Group Name Lookups.
[    9.522047] systemd[1]: Reached target Swap.
[[0;32m  OK  [0m] Reached target Swap.
[    9.525520] systemd[1]: Started Forward Password Requests to Wall Directory Watch.
[[0;32m  OK  [0m] Started Forward Password Requests to Wall Directory Watch.
[    9.535171] systemd[1]: Created slice System Slice.
[[0;32m  OK  [0m] Created slice System Slice.
[    9.539307] systemd[1]: Listening on Journal Socket.
[[0;32m  OK  [0m] Listening on Journal Socket.
         Starting Remount Root and Kernel File Systems...
         Starting Create list of required st…ce nodes for the current kernel...
[[0;32m  OK  [0m] Listening on Syslog Socket.
         Starting Uncomplicated firewall...
[[0;32m  OK  [0m] Created slice User and Session Slice.
[[0;32m  OK  [0m] Reached target Slices.
[[0;32m  OK  [0m] Created slice system-serial\x2dgetty.slice.
[[0;32m  OK  [0m] Listening on udev Control Socket.
[[0;32m  OK  [0m] Listening on LVM2 metadata daemon socket.
[    9.581110] EXT4-fs (sda1): re-mounted. Opts: (null)
[[0;32m  OK  [0m] Listening on Journal Socket (/dev/log).
         Mounting Kernel Debug File System...
         Mounting Huge Pages File System...
[[0;32m  OK  [0m] Listening on /dev/initctl Compatibility Named Pipe.
         Starting Load Kernel Modules...
[[0;32m  OK  [0m] Set up automount Arbitrary Executab…rmats File System Automount Point.
         Mounting POSIX Message Queue File System...
[[0;32m  OK  [0m] Listening on LVM2 poll daemon socket.
[[0;32m  OK  [0m] Listening on Journal Audit Socket.
         Starting Journal Service...
         Starting Set the console keyboard layout...
[[0;32m  OK  [0m] Listening on Device-mapper event daemon FIFOs.
[    9.639054] Loading iSCSI transport class v2.0-870.
         Starting Monitoring of LVM2 mirrors…ng dmeventd or progress polling...
[[0;32m  OK  [0m] Listening on udev Kernel Socket.
         Starting udev Coldplug all Devices...
[[0;32m  OK  [0m] Listening on Network Service Netlink Socket.[    9.660446] random: crng init done
[    9.662103] random: 7 urandom warning(s) missed due to ratelimiting

[[0;32m  OK  [0m] Started Remount Root and Kernel File Systems.
[[0;32m  OK  [0m] Started Create list of required sta…vice nodes for the current kernel.
[[0;32m  OK  [0m] Started Uncomplicated firewall.
[[0;32m  OK  [0m] Mounted Kernel Debug File System.
[[0;32m  OK  [0m] Mounted Huge Pages File System.
[[0;32m  OK  [0m] Mounted POSIX Message Queue File System.
         Starting Create Static Device Nodes in /dev...
         Starting Load/Save Random Seed...
[    9.754250] iscsi: registered transport (tcp)
[[0;32m  OK  [0m] Started Journal Service.
[[0;32m  OK  [0m] Started Create Static Device Nodes in /dev.
[[0;32m  OK  [0m] Started Load/Save Random Seed.
         Starting udev Kernel Device Manager...
         Starting Flush Journal to Persistent Storage...
[[0;32m  OK  [0m] Started LVM2 metadata daemon.
[    9.948780] iscsi: registered transport (iser)
[[0;32m  OK  [0m] Started Load Kernel Modules.
         Starting Apply Kernel Variables...
         Mounting Kernel Configuration File System...
         Mounting FUSE Control File System...
[[0;32m  OK  [0m] Mounted Kernel Configuration File System.
[[0;32m  OK  [0m] Mounted FUSE Control File System.
[[0;32m  OK  [0m] Started udev Coldplug all Devices.
[   10.066326] systemd-journald[403]: Received request to flush runtime journal from PID 1
[[0;32m  OK  [0m] Started Set the console keyboard layout.
[[0;32m  OK  [0m] Started Monitoring of LVM2 mirrors,…sing dmeventd or progress polling.
[[0;32m  OK  [0m] Reached target Local File Systems (Pre).
[[0;32m  OK  [0m] Reached target Local File Systems.
         Starting AppArmor initialization...
         Starting ebtables ruleset management...
         Starting Set console font and keymap...
         Starting Tell Plymouth To Write Out Runtime Data...
[[0;32m  OK  [0m] Started udev Kernel Device Manager.
[[0;32m  OK  [0m] Started Dispatch Password Requests to Console Directory Watch.
[[0;32m  OK  [0m] Reached target Local Encrypted Volumes.
[[0;32m  OK  [0m] Started Apply Kernel Variables.
[[0;32m  OK  [0m] Started Set console font and keymap.
[[0;32m  OK  [0m] Started Tell Plymouth To Write Out Runtime Data.
[[0;32m  OK  [0m] Started ebtables ruleset management.
[[0;32m  OK  [0m] Started Flush Journal to Persistent Storage.
         Starting Create Volatile Files and Directories...
[[0;32m  OK  [0m] Started Create Volatile Files and Directories.
         Starting Update UTMP about System Boot/Shutdown...
[[0;32m  OK  [0m] Found device /dev/ttyS0.
[[0;32m  OK  [0m] Started Update UTMP about System Boot/Shutdown.
[[0;32m  OK  [0m] Listening on Load/Save RF Kill Switch Status /dev/rfkill Watch.
[[0;32m  OK  [0m] Started AppArmor initialization.
         Starting Initial cloud-init job (pre-networking)...
[   14.649148] cloud-init[535]: Cloud-init v. 19.4-33-gbb4131a2-0ubuntu1~18.04.1 running 'init-local' at Sun, 03 May 2020 08:56:25 +0000. Up 14.23 seconds.
[[0;32m  OK  [0m] Started Initial cloud-init job (pre-networking).
[[0;32m  OK  [0m] Reached target Network (Pre).
         Starting Network Service...
[[0;32m  OK  [0m] Started Network Service.
         Starting Wait for Network to be Configured...
         Starting Network Name Resolution...
[[0;32m  OK  [0m] Started Network Name Resolution.
[[0;32m  OK  [0m] Reached target Host and Network Name Lookups.
[[0;32m  OK  [0m] Reached target Network.
[[0;32m  OK  [0m] Started Wait for Network to be Configured.
         Starting Initial cloud-init job (metadata service crawler)...
[   18.033494] cloud-init[706]: Cloud-init v. 19.4-33-gbb4131a2-0ubuntu1~18.04.1 running 'init' at Sun, 03 May 2020 08:56:28 +0000. Up 17.76 seconds.
[   18.038454] cloud-init[706]: ci-info: ++++++++++++++++++++++++++++++++++++++Net device info+++++++++++++++++++++++++++++++++++++++
[   18.041118] cloud-init[706]: ci-info: +--------+------+-----------------------------+---------------+--------+-------------------+
[   18.046866] cloud-init[706]: ci-info: | Device |  Up  |           Address           |      Mask     | Scope  |     Hw-Address    |
[   18.051814] cloud-init[706]: ci-info: +--------+------+-----------------------------+---------------+--------+-------------------+
[   18.056581] cloud-init[706]: ci-info: | enp0s3 | True |          10.0.2.15          | 255.255.255.0 | global | 02:39:67:45:9c:e6 |
[   18.059821] cloud-init[706]: ci-info: | enp0s3 | True |  fe80::39:67ff:fe45:9ce6/64 |       .       |  link  | 02:39:67:45:9c:e6 |
[   18.064498] cloud-init[706]: ci-info: | enp0s8 | True |        192.168.33.10        | 255.255.255.0 | global | 08:00:27:4d:af:38 |
[   18.067814] cloud-init[706]: ci-info: | enp0s8 | True | fe80::a00:27ff:fe4d:af38/64 |       .       |  link  | 08:00:27:4d:af:38 |
[   18.071908] cloud-init[706]: ci-info: |   lo   | True |          127.0.0.1          |   255.0.0.0   |  host  |         .         |
[   18.078802] cloud-init[706]: ci-info: |   lo   | True |           ::1/128           |       .       |  host  |         .         |
[   18.083333] cloud-init[706]: ci-info: +--------+------+-----------------------------+---------------+--------+-------------------+
[   18.088280] cloud-init[706]: ci-info: +++++++++++++++++++++++++++++Route IPv4 info+++++++++++++++++++++++++++++
[   18.104627] cloud-init[706]: ci-info: +-------+--------------+----------+-----------------+-----------+-------+
[   18.109762] cloud-init[706]: ci-info: | Route | Destination  | Gateway  |     Genmask     | Interface | Flags |
[   18.124552] cloud-init[706]: ci-info: +-------+--------------+----------+-----------------+-----------+-------+
[   18.129440] cloud-init[706]: ci-info: |   0   |   0.0.0.0    | 10.0.2.2 |     0.0.0.0     |   enp0s3  |   UG  |
[   18.136713] cloud-init[706]: ci-info: |   1   |   10.0.2.0   | 0.0.0.0  |  255.255.255.0  |   enp0s3  |   U   |
[   18.139954] cloud-init[706]: ci-info: |   2   |   10.0.2.2   | 0.0.0.0  | 255.255.255.255 |   enp0s3  |   UH  |
[   18.144600] cloud-init[706]: ci-info: |   3   | 192.168.33.0 | 0.0.0.0  |  255.255.255.0  |   enp0s8  |   U   |
[   18.160749] cloud-init[706]: ci-info: +-------+--------------+----------+-----------------+-----------+-------+
[   18.176448] cloud-init[706]: ci-info: +++++++++++++++++++Route IPv6 info+++++++++++++++++++
[   18.188567] cloud-init[706]: ci-info: +-------+-------------+---------+-----------+-------+
[   18.200553] cloud-init[706]: ci-info: | Route | Destination | Gateway | Interface | Flags |
[   18.202884] cloud-init[706]: ci-info: +-------+-------------+---------+-----------+-------+
[   18.207131] cloud-init[706]: ci-info: |   1   |  fe80::/64  |    ::   |   enp0s8  |   U   |
[   18.209791] cloud-init[706]: ci-info: |   2   |  fe80::/64  |    ::   |   enp0s3  |   U   |
[   18.221005] cloud-init[706]: ci-info: |   4   |    local    |    ::   |   enp0s3  |   U   |
[   18.233178] cloud-init[706]: ci-info: |   5   |    local    |    ::   |   enp0s8  |   U   |
[   18.235630] cloud-init[706]: ci-info: |   6   |   ff00::/8  |    ::   |   enp0s8  |   U   |
[   18.238145] cloud-init[706]: ci-info: |   7   |   ff00::/8  |    ::   |   enp0s3  |   U   |
[   18.252563] cloud-init[706]: ci-info: +-------+-------------+---------+-----------+-------+
[[0;32m  OK  [0m] Started Initial cloud-init job (metadata service crawler).
[[0;32m  OK  [0m] Reached target Cloud-config availability.
[[0;32m  OK  [0m] Reached target System Initialization.
         Starting LXD - unix socket.
[[0;32m  OK  [0m] Started Daily apt download activities.
[[0;32m  OK  [0m] Started Daily apt upgrade and clean activities.
[[0;32m  OK  [0m] Listening on ACPID Listen Socket.
[[0;32m  OK  [0m] Started ACPI Events Check.
[[0;32m  OK  [0m] Listening on D-Bus System Message Bus Socket.
[[0;32m  OK  [0m] Listening on Open-iSCSI iscsid Socket.
         Starting Socket activation for snappy daemon.
[[0;32m  OK  [0m] Started Discard unused blocks once a week.
[[0;32m  OK  [0m] Started Message of the Day.
[[0;32m  OK  [0m] Started Daily Cleanup of Temporary Directories.
[[0;32m  OK  [0m] Reached target Timers.
[[0;32m  OK  [0m] Listening on UUID daemon activation socket.
[[0;32m  OK  [0m] Reached target Paths.
[[0;32m  OK  [0m] Reached target Network is Online.
         Starting Availability of block devices...
[[0;32m  OK  [0m] Reached target Remote File Systems (Pre).
[[0;32m  OK  [0m] Reached target Remote File Systems.
[[0;32m  OK  [0m] Listening on LXD - unix socket.
[[0;32m  OK  [0m] Listening on Socket activation for snappy daemon.
[[0;32m  OK  [0m] Started Availability of block devices.
[[0;32m  OK  [0m] Reached target Sockets.
[[0;32m  OK  [0m] Reached target Basic System.
         Starting Permit User Sessions...
         Starting vboxadd.service...
[[0;32m  OK  [0m] Started Deferred execution scheduler.
         Starting Accounts Service...
         Starting OpenBSD Secure Shell server...
[[0;32m  OK  [0m] Started D-Bus System Message Bus.
         Starting LSB: automatic crash report generation...
[[0;32m  OK  [0m] Started FUSE filesystem for LXC.
         Starting Login Service...
         Starting Dispatcher daemon for systemd-networkd...
[[0;32m  OK  [0m] Started irqbalance daemon.
         Starting System Logging Service...
         Starting LSB: Record successful boot for GRUB...
[[0;32m  OK  [0m] Started Regular background program processing daemon.
         Starting Snappy daemon...
         Starting LXD - container startup/shutdown...
[[0;32m  OK  [0m] Started Permit User Sessions.
[[0;32m  OK  [0m] Started System Logging Service.
[[0;32m  OK  [0m] Started Login Service.
[[0;32m  OK  [0m] Started Unattended Upgrades Shutdown.
         Starting Authorization Manager...
         Starting Hold until boot process finishes up...
         Starting Terminate Plymouth Boot Screen...
[[0;32m  OK  [0m] Started Hold until boot process finishes up.
[[0;32m  OK  [0m] Started Serial Getty on ttyS0.
         Starting Set console scheme...
[[0;32m  OK  [0m] Started OpenBSD Secure Shell server.
[[0;32m  OK  [0m] Started Terminate Plymouth Boot Screen.
[[0;32m  OK  [0m] Started LSB: automatic crash report generation.
[[0;32m  OK  [0m] Started Set console scheme.
[[0;32m  OK  [0m] Created slice system-getty.slice.
[[0;32m  OK  [0m] Started Getty on tty1.
[[0;32m  OK  [0m] Reached target Login Prompts.
[[0;32m  OK  [0m] Started Authorization Manager.
[[0;32m  OK  [0m] Started Accounts Service.
[[0;32m  OK  [0m] Started LSB: Record successful boot for GRUB.
[[0;32m  OK  [0m] Started Dispatcher daemon for systemd-networkd.
[[0;32m  OK  [0m] Started LXD - container startup/shutdown.
[[0;32m  OK  [0m] Started Snappy daemon.
         Starting Wait until snapd is fully seeded...
[[0;32m  OK  [0m] Started Wait until snapd is fully seeded.
         Starting Apply the settings specified in cloud-config...
[[0;32m  OK  [0m] Started vboxadd.service.
         Starting vboxadd-service.service...
[[0;32m  OK  [0m] Started vboxadd-service.service.
[[0;32m  OK  [0m] Reached target Multi-User System.
[[0;32m  OK  [0m] Reached target Graphical Interface.
         Starting Update UTMP about System Runlevel Changes...
[[0;32m  OK  [0m] Started Update UTMP about System Runlevel Changes.
[[0;32m  OK  [0m] Created slice User Slice of vagrant.
         Starting User Manager for UID 1000...
[   24.245349] cloud-init[1078]: Cloud-init v. 19.4-33-gbb4131a2-0ubuntu1~18.04.1 running 'modules:config' at Sun, 03 May 2020 08:56:34 +0000. Up 23.77 seconds.[[0;32m  OK  [0m] Started Session 1 of user vagrant.

[[0;32m  OK  [0m] Started User Manager for UID 1000.
[[0;32m  OK  [0m] Started Apply the settings specified in cloud-config.
         Starting Execute cloud user/final scripts...

Ubuntu 18.04.4 LTS ubuntu-bionic ttyS0

ubuntu-bionic login: [   25.859533] cloud-init[1243]: Cloud-init v. 19.4-33-gbb4131a2-0ubuntu1~18.04.1 running 'modules:final' at Sun, 03 May 2020 08:56:36 +0000. Up 25.42 seconds.
[   25.878470] cloud-init[1243]: Cloud-init v. 19.4-33-gbb4131a2-0ubuntu1~18.04.1 finished at Sun, 03 May 2020 08:56:36 +0000. Datasource DataSourceNoCloud [seed=/dev/sdb][dsmode=net].  Up 25.83 seconds
